<?xml version="1.0" encoding="UTF-8"?>
<testng-results ignored="0" total="2" passed="2" failed="0" skipped="0">
  <reporter-output>
  </reporter-output>
  <suite started-at="2023-04-20T06:33:32Z" name="Suite" finished-at="2023-04-20T06:33:48Z" duration-ms="15564">
    <groups>
    </groups>
    <test started-at="2023-04-20T06:33:32Z" name="Test" finished-at="2023-04-20T06:33:48Z" duration-ms="15564">
      <class name="tests.SignUpTest">
        <test-method is-config="true" signature="launchApplication()[pri:0, instance:tests.SignUpTest@7a55af6b]" started-at="2023-04-20T06:33:32Z" name="launchApplication" finished-at="2023-04-20T06:33:41Z" duration-ms="8387" status="PASS">
          <reporter-output>
          </reporter-output>
        </test-method> <!-- launchApplication -->
        <test-method signature="SignUpSuccessfully()[pri:0, instance:tests.SignUpTest@7a55af6b]" started-at="2023-04-20T06:33:41Z" name="SignUpSuccessfully" finished-at="2023-04-20T06:33:43Z" duration-ms="1941" status="PASS">
          <reporter-output>
          </reporter-output>
        </test-method> <!-- SignUpSuccessfully -->
        <test-method is-config="true" signature="tearDown()[pri:0, instance:tests.SignUpTest@7a55af6b]" started-at="2023-04-20T06:33:43Z" name="tearDown" finished-at="2023-04-20T06:33:43Z" duration-ms="127" status="PASS">
          <reporter-output>
          </reporter-output>
        </test-method> <!-- tearDown -->
      </class> <!-- tests.SignUpTest -->
      <class name="tests.SignInTest">
        <test-method is-config="true" signature="launchApplication()[pri:0, instance:tests.SignInTest@3d9c13b5]" started-at="2023-04-20T06:33:43Z" name="launchApplication" finished-at="2023-04-20T06:33:46Z" duration-ms="3329" status="PASS">
          <reporter-output>
          </reporter-output>
        </test-method> <!-- launchApplication -->
        <test-method signature="LoginUnsuccessfully()[pri:0, instance:tests.SignInTest@3d9c13b5]" started-at="2023-04-20T06:33:46Z" name="LoginUnsuccessfully" finished-at="2023-04-20T06:33:48Z" duration-ms="1649" status="PASS">
          <reporter-output>
          </reporter-output>
        </test-method> <!-- LoginUnsuccessfully -->
        <test-method is-config="true" signature="tearDown()[pri:0, instance:tests.SignInTest@3d9c13b5]" started-at="2023-04-20T06:33:48Z" name="tearDown" finished-at="2023-04-20T06:33:48Z" duration-ms="114" status="PASS">
          <reporter-output>
          </reporter-output>
        </test-method> <!-- tearDown -->
      </class> <!-- tests.SignInTest -->
    </test> <!-- Test -->
  </suite> <!-- Suite -->
</testng-results>
