<?xml version="1.0" encoding="UTF-8"?>
<!-- Generated by org.testng.reporters.JUnitXMLReporter -->
<testsuite ignored="0" hostname="CTC-LAPT-173" failures="0" tests="2" name="Test" time="0.043" errors="0" timestamp="19 Apr 2023 04:33:39 GMT">
  <testcase classname="TestComponents.BaseTest" name="@BeforeMethod launchApplication" time="0.008">
    <failure type="java.lang.NullPointerException" message="Cannot invoke &amp;quot;org.openqa.selenium.WebDriver.manage()&amp;quot; because &amp;quot;this.driver&amp;quot; is null">
      <![CDATA[java.lang.NullPointerException: Cannot invoke "org.openqa.selenium.WebDriver.manage()" because "this.driver" is null
at TestComponents.BaseTest.initializeDriver(BaseTest.java:89)
at TestComponents.BaseTest.launchApplication(BaseTest.java:99)
... Removed 28 stack frames]]>
    </failure>
  </testcase> <!-- @BeforeMethod launchApplication -->
  <testcase classname="TestComponents.BaseTest" name="@AfterMethod tearDown" time="0.0">
    <skipped/>
  </testcase> <!-- @AfterMethod tearDown -->
  <testcase classname="TestComponents.BaseTest" name="@BeforeMethod launchApplication" time="0.002">
    <failure type="java.lang.NullPointerException" message="Cannot invoke &amp;quot;org.openqa.selenium.WebDriver.manage()&amp;quot; because &amp;quot;this.driver&amp;quot; is null">
      <![CDATA[java.lang.NullPointerException: Cannot invoke "org.openqa.selenium.WebDriver.manage()" because "this.driver" is null
at TestComponents.BaseTest.initializeDriver(BaseTest.java:89)
at TestComponents.BaseTest.launchApplication(BaseTest.java:99)
... Removed 28 stack frames]]>
    </failure>
  </testcase> <!-- @BeforeMethod launchApplication -->
  <testcase classname="TestComponents.BaseTest" name="@AfterMethod tearDown" time="0.0">
    <skipped/>
  </testcase> <!-- @AfterMethod tearDown -->
  <testcase classname="tests.SignUpTest" name="SignUpSuccessfully" time="0.0">
    <skipped/>
  </testcase> <!-- SignUpSuccessfully -->
  <testcase classname="tests.SignInTest" name="LoginUnsuccessfully" time="0.0">
    <skipped/>
  </testcase> <!-- LoginUnsuccessfully -->
</testsuite> <!-- Test -->
